#
# There is insufficient memory for the Java Runtime Environment to continue.
# Native memory allocation (malloc) failed to allocate 32744 bytes for ChunkPool::allocate
# Possible reasons:
#   The system is out of physical RAM or swap space
#   In 32 bit mode, the process size limit was hit
# Possible solutions:
#   Reduce memory load on the system
#   Increase physical memory or swap space
#   Check if swap backing store is full
#   Use 64 bit Java on a 64 bit OS
#   Decrease Java heap size (-Xmx/-Xms)
#   Decrease number of Java threads
#   Decrease Java thread stack sizes (-Xss)
#   Set larger code cache with -XX:ReservedCodeCacheSize=
# This output file may be truncated or incomplete.
#
#  Out of Memory Error (allocation.cpp:273), pid=10176, tid=0x0000000000001c24
#
# JRE version: Java(TM) SE Runtime Environment (8.0_191-b12) (build 1.8.0_191-b12)
# Java VM: Java HotSpot(TM) 64-Bit Server VM (25.191-b12 mixed mode windows-amd64 compressed oops)
# Failed to write core dump. Minidumps are not enabled by default on client versions of Windows
#

---------------  T H R E A D  ---------------

Current thread (0x000000001760d800):  JavaThread "C2 CompilerThread0" daemon [_thread_in_native, id=7204, stack(0x0000000018ca0000,0x0000000018da0000)]

Stack: [0x0000000018ca0000,0x0000000018da0000]
[error occurred during error reporting (printing stack bounds), id 0xc0000005]

Native frames: (J=compiled Java code, j=interpreted, Vv=VM code, C=native code)


Current CompileTask:
C2:    562   20       4       java.lang.String::charAt (29 bytes)


---------------  P R O C E S S  ---------------

Java Threads: ( => current thread )
  0x0000000018da7000 JavaThread "Service Thread" daemon [_thread_blocked, id=9416, stack(0x00000000193a0000,0x00000000194a0000)]
  0x000000001766e000 JavaThread "C1 CompilerThread2" daemon [_thread_in_native, id=2712, stack(0x00000000192a0000,0x00000000193a0000)]
  0x000000001766d000 JavaThread "C2 CompilerThread1" daemon [_thread_blocked, id=6316, stack(0x00000000191a0000,0x00000000192a0000)]
=>0x000000001760d800 JavaThread "C2 CompilerThread0" daemon [_thread_in_native, id=7204, stack(0x0000000018ca0000,0x0000000018da0000)]
  0x000000001760a800 JavaThread "Attach Listener" daemon [_thread_blocked, id=1972, stack(0x0000000018ba0000,0x0000000018ca0000)]
  0x0000000017609000 JavaThread "Signal Dispatcher" daemon [_thread_blocked, id=9780, stack(0x0000000018aa0000,0x0000000018ba0000)]
  0x00000000175fa800 JavaThread "Finalizer" daemon [_thread_blocked, id=17492, stack(0x0000000018870000,0x0000000018970000)]
  0x0000000002ae0000 JavaThread "Reference Handler" daemon [_thread_blocked, id=11896, stack(0x0000000018770000,0x0000000018870000)]
  0x00000000010bd800 JavaThread "main" [_thread_in_vm, id=252, stack(0x0000000002890000,0x0000000002990000)]

Other Threads:
  0x00000000175d7800 VMThread [stack: 0x0000000018670000,0x0000000018770000] [id=5784]
  0x0000000018da8800 WatcherThread [stack: 0x00000000194a0000,0x00000000195a0000] [id=5816]

VM state:not at safepoint (normal execution)

VM Mutex/Monitor currently owned by a thread: None

Heap:
 PSYoungGen      total 38400K, used 665K [0x00000000d5f80000, 0x00000000d8a00000, 0x0000000100000000)
  eden space 33280K, 2% used [0x00000000d5f80000,0x00000000d6026670,0x00000000d8000000)
  from space 5120K, 0% used [0x00000000d8500000,0x00000000d8500000,0x00000000d8a00000)
  to   space 5120K, 0% used [0x00000000d8000000,0x00000000d8000000,0x00000000d8500000)
 ParOldGen       total 87552K, used 0K [0x0000000081e00000, 0x0000000087380000, 0x00000000d5f80000)
  object space 87552K, 0% used [0x0000000081e00000,0x0000000081e00000,0x0000000087380000)
 Metaspace       used 2467K, capacity 4480K, committed 4480K, reserved 1056768K
  class space    used 276K, capacity 384K, committed 384K, reserved 1048576K

Card table byte_map: [0x0000000011eb0000,0x00000000122b0000] byte_map_base: 0x0000000011aa1000

Marking Bits: (ParMarkBitMap*) 0x000000005fa33e30
 Begin Bits: [0x0000000012960000, 0x00000000148e8000)
 End Bits:   [0x00000000148e8000, 0x0000000016870000)

Polling page: 0x0000000001040000

CodeCache: size=245760Kb used=1096Kb max_used=1096Kb free=244663Kb
 bounds [0x0000000002af0000, 0x0000000002d60000, 0x0000000011af0000]
 total_blobs=251 nmethods=19 adapters=146
 compilation: enabled

Compilation events (10 events):
Event: 0.537 Thread 0x000000001766e000   16  s    3       java.lang.StringBuffer::append (13 bytes)
Event: 0.538 Thread 0x000000001766e000 nmethod 16 0x0000000002bff0d0 code [0x0000000002bff280, 0x0000000002bff998]
Event: 0.539 Thread 0x000000001766e000   17       3       java.lang.String::getChars (62 bytes)
Event: 0.540 Thread 0x000000001766e000 nmethod 17 0x0000000002bffd50 code [0x0000000002bfff00, 0x0000000002c00338]
Event: 0.556 Thread 0x000000001766e000   18       3       java.lang.AbstractStringBuilder::append (50 bytes)
Event: 0.557 Thread 0x000000001766e000 nmethod 18 0x0000000002c01150 code [0x0000000002c01320, 0x0000000002c01a78]
Event: 0.558 Thread 0x000000001766e000   19       3       java.lang.StringBuilder::append (8 bytes)
Event: 0.558 Thread 0x000000001766e000 nmethod 19 0x0000000002c01d90 code [0x0000000002c01f00, 0x0000000002c02088]
Event: 0.559 Thread 0x000000001760d800   20       4       java.lang.String::charAt (29 bytes)
Event: 0.559 Thread 0x000000001766e000   21       3       java.util.Arrays::copyOfRange (63 bytes)

GC Heap History (0 events):
No events

Deoptimization events (0 events):
No events

Classes redefined (0 events):
No events

Internal exceptions (2 events):
Event: 0.234 Thread 0x00000000010bd800 Exception <a 'java/lang/NoSuchMethodError': Method sun.misc.Unsafe.defineClass(Ljava/lang/String;[BII)Ljava/lang/Class; name or signature does not match> (0x00000000d5f87cb0) thrown at [C:\re\workspace\8-2-build-windows-amd64-cygwin\jdk8u191\11896\hotspot
Event: 0.235 Thread 0x00000000010bd800 Exception <a 'java/lang/NoSuchMethodError': Method sun.misc.Unsafe.prefetchRead(Ljava/lang/Object;J)V name or signature does not match> (0x00000000d5f87f98) thrown at [C:\re\workspace\8-2-build-windows-amd64-cygwin\jdk8u191\11896\hotspot\src\share\vm\prim

Events (10 events):
Event: 0.552 loading class java/util/zip/Inflater
Event: 0.552 loading class java/util/zip/Inflater done
Event: 0.552 loading class java/util/zip/ZStreamRef
Event: 0.552 loading class java/util/zip/ZStreamRef done
Event: 0.552 loading class java/util/zip/ZipFile$ZipFileInflaterInputStream
Event: 0.553 loading class java/util/zip/InflaterInputStream
Event: 0.553 loading class java/util/zip/InflaterInputStream done
Event: 0.553 loading class java/util/zip/ZipFile$ZipFileInflaterInputStream done
Event: 0.553 loading class sun/misc/IOUtils
Event: 0.553 loading class sun/misc/IOUtils done


Dynamic libraries:
0x00007ff6f3450000 - 0x00007ff6f3487000 	C:\Program Files\Java\jre1.8.0_191\bin\javaw.exe
0x00007ff85c2e0000 - 0x00007ff85c4d0000 	C:\Windows\SYSTEM32\ntdll.dll
0x00007ff85afb0000 - 0x00007ff85b062000 	C:\Windows\System32\KERNEL32.DLL
0x00007ff8597c0000 - 0x00007ff859a63000 	C:\Windows\System32\KERNELBASE.dll
0x00007ff85abb0000 - 0x00007ff85ac53000 	C:\Windows\System32\ADVAPI32.dll
0x00007ff85a8f0000 - 0x00007ff85a98e000 	C:\Windows\System32\msvcrt.dll
0x00007ff85b2a0000 - 0x00007ff85b337000 	C:\Windows\System32\sechost.dll
0x00007ff85a4b0000 - 0x00007ff85a5d0000 	C:\Windows\System32\RPCRT4.dll
0x00007ff85c100000 - 0x00007ff85c294000 	C:\Windows\System32\USER32.dll
0x00007ff859640000 - 0x00007ff859661000 	C:\Windows\System32\win32u.dll
0x00007ff85ba90000 - 0x00007ff85bab6000 	C:\Windows\System32\GDI32.dll
0x00007ff8592d0000 - 0x00007ff859464000 	C:\Windows\System32\gdi32full.dll
0x00007ff8595a0000 - 0x00007ff85963e000 	C:\Windows\System32\msvcp_win.dll
0x00007ff8594a0000 - 0x00007ff85959a000 	C:\Windows\System32\ucrtbase.dll
0x00007ff847320000 - 0x00007ff8475a5000 	C:\Windows\WinSxS\amd64_microsoft.windows.common-controls_6595b64144ccf1df_6.0.18362.720_none_e6beb5c51314836b\COMCTL32.dll
0x00007ff85ac60000 - 0x00007ff85af96000 	C:\Windows\System32\combase.dll
0x00007ff859a90000 - 0x00007ff859b10000 	C:\Windows\System32\bcryptPrimitives.dll
0x00007ff85a390000 - 0x00007ff85a3be000 	C:\Windows\System32\IMM32.DLL
0x000000005ef80000 - 0x000000005f052000 	C:\Program Files\Java\jre1.8.0_191\bin\msvcr100.dll
0x000000005f210000 - 0x000000005fab4000 	C:\Program Files\Java\jre1.8.0_191\bin\server\jvm.dll
0x00007ff85a5d0000 - 0x00007ff85a5d8000 	C:\Windows\System32\PSAPI.DLL
0x00007ff8496c0000 - 0x00007ff8496c9000 	C:\Windows\SYSTEM32\WSOCK32.dll
0x00007ff85ab40000 - 0x00007ff85abaf000 	C:\Windows\System32\WS2_32.dll
0x00007ff8572d0000 - 0x00007ff8572f4000 	C:\Windows\SYSTEM32\WINMM.dll
0x00007ff849f60000 - 0x00007ff849f6a000 	C:\Windows\SYSTEM32\VERSION.dll
0x00007ff8572a0000 - 0x00007ff8572cd000 	C:\Windows\SYSTEM32\WINMMBASE.dll
0x00007ff859b10000 - 0x00007ff859b5a000 	C:\Windows\System32\cfgmgr32.dll
0x000000005f120000 - 0x000000005f12f000 	C:\Program Files\Java\jre1.8.0_191\bin\verify.dll
0x000000005f0f0000 - 0x000000005f119000 	C:\Program Files\Java\jre1.8.0_191\bin\java.dll
0x000000005f0d0000 - 0x000000005f0e6000 	C:\Program Files\Java\jre1.8.0_191\bin\zip.dll
0x00007ff85b3a0000 - 0x00007ff85ba85000 	C:\Windows\System32\SHELL32.dll
0x00007ff85b1f0000 - 0x00007ff85b299000 	C:\Windows\System32\shcore.dll
0x00007ff859c10000 - 0x00007ff85a390000 	C:\Windows\System32\windows.storage.dll
0x00007ff859240000 - 0x00007ff859263000 	C:\Windows\System32\profapi.dll
0x00007ff8591f0000 - 0x00007ff85923a000 	C:\Windows\System32\powrprof.dll
0x00007ff8591a0000 - 0x00007ff8591b0000 	C:\Windows\System32\UMPDC.dll
0x00007ff85a7c0000 - 0x00007ff85a812000 	C:\Windows\System32\shlwapi.dll
0x00007ff8591d0000 - 0x00007ff8591e1000 	C:\Windows\System32\kernel.appcore.dll
0x00007ff859a70000 - 0x00007ff859a87000 	C:\Windows\System32\cryptsp.dll

VM Arguments:
jvm_args: -Dfile.encoding=Cp1252 
java_command: application.Principale
java_class_path (initial): C:\Users\Abdou Karim\workspace\Application\bin;C:\Users\Abdou Karim\workspace\Application\jortho.jar
Launcher Type: SUN_STANDARD

Environment Variables:
PATH=C:/Program Files/Java/jre1.8.0_191/bin/server;C:/Program Files/Java/jre1.8.0_191/bin;C:/Program Files/Java/jre1.8.0_191/lib/amd64;C:\Program Files (x86)\Common Files\Oracle\Java\javapath;C:\Windows\system32;C:\Windows;C:\Windows\System32\Wbem;C:\Windows\System32\WindowsPowerShell\v1.0\;C:\Windows\System32\OpenSSH\;C:\Program Files\PostgreSQL\11\bin;C:\Program Files\Java\jdk1.8.0_191\bin;C:\Users\Abdou Karim\AppData\Local\Microsoft\WindowsApps;;C:\Users\Abdou Karim\AppData\Local\Programs\Microsoft VS Code\bin;C:\Program Files (x86)\eclipse;
USERNAME=Abdou Karim
OS=Windows_NT
PROCESSOR_IDENTIFIER=Intel64 Family 6 Model 58 Stepping 9, GenuineIntel



---------------  S Y S T E M  ---------------

OS: Windows 10.0 , 64 bit Build 18362 (10.0.18362.329)

CPU:total 4 (initial active 4) (2 cores per cpu, 2 threads per core) family 6 model 58 stepping 9, cmov, cx8, fxsr, mmx, sse, sse2, sse3, ssse3, sse4.1, sse4.2, popcnt, avx, aes, clmul, erms, ht, tsc, tscinvbit, tscinv

Memory: 4k page, physical 8265264k(1521368k free), swap 33431088k(2084k free)

vm_info: Java HotSpot(TM) 64-Bit Server VM (25.191-b12) for windows-amd64 JRE (1.8.0_191-b12), built on Oct  6 2018 09:29:03 by "java_re" with MS VC++ 10.0 (VS2010)

time: Wed Apr 15 20:58:17 2020
elapsed time: 0 seconds (0d 0h 0m 0s)

